<?xml version="1.0" encoding="UTF-8"?>
<!-- Generated by org.testng.reporters.JUnitXMLReporter -->
<testsuite ignored="0" hostname="develeap-Latitude-5590" failures="0" tests="5" name="Command line test" time="0.016" errors="0" timestamp="12 Dec 2019 07:16:02 GMT">
  <testcase classname="unit.LeonTest" name="aTest1" time="0.001"/>
  <testcase classname="unit.LeonTest" name="bTest1" time="0.0"/>
  <testcase classname="unit.FirstTestNGTest" name="getExistingUserReturnsExistingSavedUser" time="0.001"/>
  <testcase classname="unit.FirstTestNGTest" name="getNonExistingUserReturnsNull" time="0.0"/>
  <testcase classname="unit.FirstTestNGTest" name="successfulAddUserReturnsTrue" time="0.001"/>
</testsuite> <!-- Command line test -->
