<?xml version="1.0" encoding="UTF-8"?>
<!-- Generated by org.testng.reporters.JUnitXMLReporter -->
<testsuite ignored="0" hostname="develeap-Latitude-5590" failures="1" tests="6" name="Command line test" time="0.019" errors="0" timestamp="12 Dec 2019 09:13:55 GMT">
  <testcase classname="unit.LeonTest" name="aTest1" time="0.001"/>
  <testcase classname="unit.LeonTest" name="bTest1" time="0.0"/>
  <testcase classname="unit.LeonTest" name="cTest1" time="0.001">
    <failure type="java.lang.AssertionError" message="null">
      <![CDATA[java.lang.AssertionError: null
at unit.LeonTest.cTest1(LeonTest.java:17)
... Removed 37 stack frames]]>
    </failure>
  </testcase> <!-- cTest1 -->
  <testcase classname="unit.FirstTestNGTest" name="getExistingUserReturnsExistingSavedUser" time="0.0"/>
  <testcase classname="unit.FirstTestNGTest" name="getNonExistingUserReturnsNull" time="0.0"/>
  <testcase classname="unit.FirstTestNGTest" name="successfulAddUserReturnsTrue" time="0.0"/>
</testsuite> <!-- Command line test -->
