<?xml version="1.0" encoding="UTF-8"?>
<testng-results ignored="0" total="5" passed="5" failed="0" skipped="0">
  <reporter-output>
  </reporter-output>
  <suite started-at="2019-12-12T07:16:02Z" name="Command line suite" finished-at="2019-12-12T07:16:02Z" duration-ms="16">
    <groups>
    </groups>
    <test started-at="2019-12-12T07:16:02Z" name="Command line test" finished-at="2019-12-12T07:16:02Z" duration-ms="16">
      <class name="unit.LeonTest">
        <test-method signature="aTest1()[pri:0, instance:unit.LeonTest@3cef309d]" started-at="2019-12-12T07:16:02Z" name="aTest1" finished-at="2019-12-12T07:16:02Z" duration-ms="1" status="PASS">
          <reporter-output>
          </reporter-output>
        </test-method> <!-- aTest1 -->
        <test-method signature="bTest1()[pri:0, instance:unit.LeonTest@3cef309d]" started-at="2019-12-12T07:16:02Z" name="bTest1" finished-at="2019-12-12T07:16:02Z" duration-ms="0" status="PASS">
          <reporter-output>
          </reporter-output>
        </test-method> <!-- bTest1 -->
      </class> <!-- unit.LeonTest -->
      <class name="unit.FirstTestNGTest">
        <test-method is-config="true" signature="globalSetup()[pri:0, instance:unit.FirstTestNGTest@50b494a6]" started-at="2019-12-12T07:16:02Z" name="globalSetup" finished-at="2019-12-12T07:16:02Z" duration-ms="6" status="PASS">
          <reporter-output>
          </reporter-output>
        </test-method> <!-- globalSetup -->
        <test-method is-config="true" signature="globalBeforeMethodSetup()[pri:0, instance:unit.FirstTestNGTest@50b494a6]" started-at="2019-12-12T07:16:02Z" name="globalBeforeMethodSetup" finished-at="2019-12-12T07:16:02Z" duration-ms="0" status="PASS">
          <reporter-output>
          </reporter-output>
        </test-method> <!-- globalBeforeMethodSetup -->
        <test-method is-config="true" signature="customLocalSetupMethod()[pri:0, instance:unit.FirstTestNGTest@50b494a6]" started-at="2019-12-12T07:16:02Z" name="customLocalSetupMethod" finished-at="2019-12-12T07:16:02Z" duration-ms="1" status="PASS">
          <reporter-output>
          </reporter-output>
        </test-method> <!-- customLocalSetupMethod -->
        <test-method signature="getExistingUserReturnsExistingSavedUser()[pri:0, instance:unit.FirstTestNGTest@50b494a6]" started-at="2019-12-12T07:16:02Z" name="getExistingUserReturnsExistingSavedUser" finished-at="2019-12-12T07:16:02Z" duration-ms="1" status="PASS">
          <reporter-output>
          </reporter-output>
        </test-method> <!-- getExistingUserReturnsExistingSavedUser -->
        <test-method is-config="true" signature="customLocalSetupMethod()[pri:0, instance:unit.FirstTestNGTest@50b494a6]" started-at="2019-12-12T07:16:02Z" name="customLocalSetupMethod" finished-at="2019-12-12T07:16:02Z" duration-ms="1" status="PASS">
          <reporter-output>
          </reporter-output>
        </test-method> <!-- customLocalSetupMethod -->
        <test-method is-config="true" signature="globalBeforeMethodSetup()[pri:0, instance:unit.FirstTestNGTest@50b494a6]" started-at="2019-12-12T07:16:02Z" name="globalBeforeMethodSetup" finished-at="2019-12-12T07:16:02Z" duration-ms="0" status="PASS">
          <reporter-output>
          </reporter-output>
        </test-method> <!-- globalBeforeMethodSetup -->
        <test-method signature="getNonExistingUserReturnsNull()[pri:0, instance:unit.FirstTestNGTest@50b494a6]" started-at="2019-12-12T07:16:02Z" name="getNonExistingUserReturnsNull" finished-at="2019-12-12T07:16:02Z" duration-ms="0" status="PASS">
          <reporter-output>
          </reporter-output>
        </test-method> <!-- getNonExistingUserReturnsNull -->
        <test-method is-config="true" signature="globalBeforeMethodSetup()[pri:0, instance:unit.FirstTestNGTest@50b494a6]" started-at="2019-12-12T07:16:02Z" name="globalBeforeMethodSetup" finished-at="2019-12-12T07:16:02Z" duration-ms="0" status="PASS">
          <reporter-output>
          </reporter-output>
        </test-method> <!-- globalBeforeMethodSetup -->
        <test-method signature="successfulAddUserReturnsTrue()[pri:0, instance:unit.FirstTestNGTest@50b494a6]" started-at="2019-12-12T07:16:02Z" name="successfulAddUserReturnsTrue" finished-at="2019-12-12T07:16:02Z" duration-ms="1" status="PASS">
          <reporter-output>
          </reporter-output>
        </test-method> <!-- successfulAddUserReturnsTrue -->
        <test-method is-config="true" signature="customLocalSetupMethod()[pri:0, instance:unit.FirstTestNGTest@50b494a6]" started-at="2019-12-12T07:16:02Z" name="customLocalSetupMethod" finished-at="2019-12-12T07:16:02Z" duration-ms="0" status="PASS">
          <reporter-output>
          </reporter-output>
        </test-method> <!-- customLocalSetupMethod -->
      </class> <!-- unit.FirstTestNGTest -->
    </test> <!-- Command line test -->
  </suite> <!-- Command line suite -->
</testng-results>
